WARNING 2023-12-06 19:07:24,991 log log.py 241 log_response Not Found: /image/worldmap.png
WARNING 2023-12-06 19:07:39,831 log log.py 241 log_response Not Found: /image/worldmap.png
WARNING 2023-12-06 19:07:42,025 log log.py 241 log_response Not Found: /image/worldmap.png
WARNING 2023-12-06 19:07:42,032 log log.py 241 log_response Not Found: /media/images/81dFDRqDhIL._SL1418__MloRZNR.jpg
WARNING 2023-12-06 19:08:00,621 log log.py 241 log_response Not Found: /basket/image/worldmap.png
WARNING 2023-12-06 19:08:05,351 log log.py 241 log_response Not Found: /basket/image/worldmap.png
WARNING 2023-12-06 19:08:26,429 log log.py 241 log_response Not Found: /checkout/image/worldmap.png
WARNING 2023-12-06 19:08:40,050 log log.py 241 log_response Not Found: /checkout/set_delivery_address/image/worldmap.png
WARNING 2023-12-06 19:08:46,098 log log.py 241 log_response Not Found: /checkout/delivery_address/image/worldmap.png
WARNING 2023-12-06 19:08:48,414 log log.py 241 log_response Not Found: /checkout/payment_selection/image/worldmap.png
WARNING 2023-12-06 19:09:13,862 log log.py 241 log_response Not Found: /checkout/payment_successful/image/worldmap.png
WARNING 2023-12-06 19:09:16,238 log log.py 241 log_response Not Found: /account/orders/image/worldmap.png
WARNING 2023-12-06 19:09:23,937 log log.py 241 log_response Not Found: /image/worldmap.png
WARNING 2023-12-06 19:12:08,699 log log.py 241 log_response Not Found: /blog/intel-looks-at-ai-as-a-tool-that-solves-everyday-problems-says-vp-alexis-crowell/assets/images/favicon.png
WARNING 2023-12-07 10:49:19,429 log log.py 241 log_response Not Found: /favicon.ico
WARNING 2023-12-07 11:25:06,703 log log.py 241 log_response Not Found: /blog/assets/images/favicon.png
WARNING 2023-12-07 11:56:23,700 log log.py 241 log_response Not Found: /media/images/81dFDRqDhIL._SL1418__MloRZNR.jpg
WARNING 2023-12-07 12:28:34,307 log log.py 241 log_response Not Found: /media/images/81dFDRqDhIL._SL1418__MloRZNR.jpg
WARNING 2023-12-07 12:31:29,388 log log.py 241 log_response Not Found: /media/images/81dFDRqDhIL._SL1418__MloRZNR.jpg
WARNING 2023-12-07 12:33:17,014 log log.py 241 log_response Not Found: /media/images/81dFDRqDhIL._SL1418__MloRZNR.jpg
WARNING 2023-12-07 12:34:18,138 log log.py 241 log_response Not Found: /blog/india-plans-to-change-the-weather-to-fight-back-against-deadly-smog/assets/images/favicon.png
WARNING 2023-12-08 11:52:11,700 log log.py 241 log_response Not Found: /blog/assets/images/favicon.png
