INFO 2023-12-06 19:07:18,754 MainThread 9808 autoreload autoreload.py 668 django.utils.autoreload run_with_reloader 2340 Watching for file changes with StatReloader
INFO 2023-12-06 19:07:23,239 Thread-1 (process_request_thread) 2780 basehttp basehttp.py 212 django.server log_message 2340 "GET / HTTP/1.1" 200 66757
INFO 2023-12-06 19:07:23,293 Thread-1 (process_request_thread) 2780 basehttp basehttp.py 212 django.server log_message 2340 "GET /static/css/book_store.css HTTP/1.1" 304 0
INFO 2023-12-06 19:07:23,388 Thread-1 (process_request_thread) 2780 basehttp basehttp.py 212 django.server log_message 2340 "GET /media/images/icons8-search-80.png HTTP/1.1" 200 864
INFO 2023-12-06 19:07:23,389 Thread-2 (process_request_thread) 13736 basehttp basehttp.py 212 django.server log_message 2340 "GET /media/images/41KxSKpUZrL._SY445_SX342__1.jpg HTTP/1.1" 200 20405
INFO 2023-12-06 19:07:23,476 Thread-2 (process_request_thread) 13736 basehttp basehttp.py 212 django.server log_message 2340 "GET /media/images/815j2Dn-qrL._SY466_.jpg HTTP/1.1" 200 28436
INFO 2023-12-06 19:07:23,477 Thread-1 (process_request_thread) 2780 basehttp basehttp.py 212 django.server log_message 2340 "GET /media/images/718wCbSuE9L._SL1000_.jpg HTTP/1.1" 200 201082
INFO 2023-12-06 19:07:23,761 Thread-1 (process_request_thread) 2780 basehttp basehttp.py 212 django.server log_message 2340 "GET /media/images/410LjJgnZmL._SY445_SX342_.jpg HTTP/1.1" 200 17919
INFO 2023-12-06 19:07:23,829 Thread-3 (process_request_thread) 10040 basehttp basehttp.py 212 django.server log_message 2340 "GET /media/images/51RRYEJKmUS._SY445_SX342_.jpg HTTP/1.1" 200 30108
INFO 2023-12-06 19:07:23,834 Thread-4 (process_request_thread) 7884 basehttp basehttp.py 212 django.server log_message 2340 "GET /media/images/51QkJxUiQQL._SY445_SX342_.jpg HTTP/1.1" 200 41930
INFO 2023-12-06 19:07:23,855 Thread-5 (process_request_thread) 4588 basehttp basehttp.py 212 django.server log_message 2340 "GET /media/images/5115jhMmGrL._SY445_SX342_.jpg HTTP/1.1" 200 26235
INFO 2023-12-06 19:07:23,856 Thread-6 (process_request_thread) 14580 basehttp basehttp.py 212 django.server log_message 2340 "GET /media/images/61aJc8wQX4L._SY466_.jpg HTTP/1.1" 200 27678
INFO 2023-12-06 19:07:23,909 Thread-1 (process_request_thread) 2780 basehttp basehttp.py 212 django.server log_message 2340 "GET /media/images/51OEnlv1DwL._SY445_SX342_.jpg HTTP/1.1" 200 45889
INFO 2023-12-06 19:07:23,993 Thread-2 (process_request_thread) 13736 basehttp basehttp.py 212 django.server log_message 2340 "GET /media/users/avatars/1/IMG_20230814_122806.jpg HTTP/1.1" 200 5880511
INFO 2023-12-06 19:07:24,031 Thread-5 (process_request_thread) 4588 basehttp basehttp.py 212 django.server log_message 2340 "GET /media/images/510Vb28xfXL._SX342_SY445_.jpg HTTP/1.1" 200 30720
INFO 2023-12-06 19:07:24,093 Thread-3 (process_request_thread) 10040 basehttp basehttp.py 212 django.server log_message 2340 "GET /media/images/51hGgxDvJmL._SY445_SX342_.jpg HTTP/1.1" 200 40492
INFO 2023-12-06 19:07:24,093 Thread-4 (process_request_thread) 7884 basehttp basehttp.py 212 django.server log_message 2340 "GET /media/images/914tdFNeksL._SL1500_.jpg HTTP/1.1" 200 211723
INFO 2023-12-06 19:07:24,123 Thread-1 (process_request_thread) 2780 basehttp basehttp.py 212 django.server log_message 2340 "GET /media/images/41TyduBWCdL._SY445_SX342_.jpg HTTP/1.1" 200 21130
INFO 2023-12-06 19:07:24,130 Thread-6 (process_request_thread) 14580 basehttp basehttp.py 212 django.server log_message 2340 "GET /media/images/41kRkqIt6aL._SY445_SX342_.jpg HTTP/1.1" 200 20652
INFO 2023-12-06 19:07:24,289 Thread-2 (process_request_thread) 13736 basehttp basehttp.py 212 django.server log_message 2340 "GET /media/images/41cSJ20F6SL._SY445_SX342_.jpg HTTP/1.1" 200 19206
INFO 2023-12-06 19:07:24,347 Thread-1 (process_request_thread) 2780 basehttp basehttp.py 212 django.server log_message 2340 "GET /media/images/41hghWG3ZLL._SY445_SX342_.jpg HTTP/1.1" 200 23294
INFO 2023-12-06 19:07:24,348 Thread-4 (process_request_thread) 7884 basehttp basehttp.py 212 django.server log_message 2340 "GET /media/images/41xO7prBWEL._SY445_SX342_.jpg HTTP/1.1" 200 22324
INFO 2023-12-06 19:07:24,355 Thread-5 (process_request_thread) 4588 basehttp basehttp.py 212 django.server log_message 2340 "GET /media/images/51gqBJQEPyL._SY445_SX342_.jpg HTTP/1.1" 200 39669
INFO 2023-12-06 19:07:24,355 Thread-3 (process_request_thread) 10040 basehttp basehttp.py 212 django.server log_message 2340 "GET /media/images/710FCVoG6gL._SY466_.jpg HTTP/1.1" 200 22225
INFO 2023-12-06 19:07:24,360 Thread-6 (process_request_thread) 14580 basehttp basehttp.py 212 django.server log_message 2340 "GET /media/images/41FKKgpdjwL._SY445_SX342_.jpg HTTP/1.1" 200 17601
INFO 2023-12-06 19:07:24,508 Thread-2 (process_request_thread) 13736 basehttp basehttp.py 212 django.server log_message 2340 "GET /media/images/51NsJhoYCqL._SY445_SX342_.jpg HTTP/1.1" 200 40033
INFO 2023-12-06 19:07:24,552 Thread-1 (process_request_thread) 2780 basehttp basehttp.py 212 django.server log_message 2340 "GET /media/images/41MUeqzeQWL._SY445_SX342_.jpg HTTP/1.1" 200 17487
INFO 2023-12-06 19:07:24,595 Thread-4 (process_request_thread) 7884 basehttp basehttp.py 212 django.server log_message 2340 "GET /media/images/41YMXMqcqtL._SY445_SX342_.jpg HTTP/1.1" 200 20210
INFO 2023-12-06 19:07:24,609 Thread-5 (process_request_thread) 4588 basehttp basehttp.py 212 django.server log_message 2340 "GET /media/images/pexels-photo-2379004.jpeg HTTP/1.1" 200 20743
INFO 2023-12-06 19:07:24,622 Thread-6 (process_request_thread) 14580 basehttp basehttp.py 212 django.server log_message 2340 "GET /media/images/pexels-photo-5378700.webp HTTP/1.1" 200 30322
INFO 2023-12-06 19:07:24,622 Thread-3 (process_request_thread) 10040 basehttp basehttp.py 212 django.server log_message 2340 "GET /media/images/pexels-photo-220453.webp HTTP/1.1" 200 29664
INFO 2023-12-06 19:07:24,719 Thread-2 (process_request_thread) 13736 basehttp basehttp.py 212 django.server log_message 2340 "GET /media/images/pexels-photo-1102341.webp HTTP/1.1" 200 18220
INFO 2023-12-06 19:07:24,788 Thread-1 (process_request_thread) 2780 basehttp basehttp.py 212 django.server log_message 2340 "GET /media/images/pexels-photo-1212984.webp HTTP/1.1" 200 26098
INFO 2023-12-06 19:07:24,790 Thread-4 (process_request_thread) 7884 basehttp basehttp.py 212 django.server log_message 2340 "GET /media/images/portrait-photography-profile-face-one-38289.jpeg HTTP/1.1" 200 33953
INFO 2023-12-06 19:07:24,842 Thread-3 (process_request_thread) 10040 basehttp basehttp.py 212 django.server log_message 2340 "GET /media/images/intel-ai.webp HTTP/1.1" 200 19404
INFO 2023-12-06 19:07:24,874 Thread-6 (process_request_thread) 14580 basehttp basehttp.py 212 django.server log_message 2340 "GET /media/images/Sea-worm-20231125.jpg HTTP/1.1" 200 29486
INFO 2023-12-06 19:07:24,882 Thread-5 (process_request_thread) 4588 basehttp basehttp.py 212 django.server log_message 2340 "GET /media/images/India_Air_Pollution_14005.jpg HTTP/1.1" 200 40194
INFO 2023-12-06 19:07:24,900 Thread-2 (process_request_thread) 13736 basehttp basehttp.py 212 django.server log_message 2340 "GET /media/images/cRRqZguM2iX38GsQppG3q6-650-80.jpg.webp HTTP/1.1" 200 15706
INFO 2023-12-06 19:07:24,958 Thread-1 (process_request_thread) 2780 basehttp basehttp.py 212 django.server log_message 2340 "GET /media/images/Planets-in-sync-20231130.jpg HTTP/1.1" 200 78998
WARNING 2023-12-06 19:07:24,992 Thread-4 (process_request_thread) 7884 basehttp basehttp.py 212 django.server log_message 2340 "GET /image/worldmap.png HTTP/1.1" 404 11848
INFO 2023-12-06 19:07:39,654 Thread-4 (process_request_thread) 7884 basehttp basehttp.py 212 django.server log_message 2340 "GET /product_page HTTP/1.1" 200 58627
INFO 2023-12-06 19:07:39,715 Thread-4 (process_request_thread) 7884 basehttp basehttp.py 212 django.server log_message 2340 "GET /static/css/product_page.css HTTP/1.1" 304 0
WARNING 2023-12-06 19:07:39,831 Thread-4 (process_request_thread) 7884 basehttp basehttp.py 212 django.server log_message 2340 "GET /image/worldmap.png HTTP/1.1" 404 11847
INFO 2023-12-06 19:07:41,752 Thread-4 (process_request_thread) 7884 basehttp basehttp.py 212 django.server log_message 2340 "GET /same-as-ever-timeless-lessons-on-risk-opportunity-and-living-a-good-life HTTP/1.1" 200 96418
INFO 2023-12-06 19:07:41,964 Thread-4 (process_request_thread) 7884 basehttp basehttp.py 212 django.server log_message 2340 "GET /media/users/avatars/11/IMG20230814180950.jpg HTTP/1.1" 200 2490112
INFO 2023-12-06 19:07:41,997 Thread-1 (process_request_thread) 2780 basehttp basehttp.py 212 django.server log_message 2340 "GET /media/images/81Fyh2mrw4L._SY466_.jpg HTTP/1.1" 200 35434
WARNING 2023-12-06 19:07:42,026 Thread-5 (process_request_thread) 4588 basehttp basehttp.py 212 django.server log_message 2340 "GET /image/worldmap.png HTTP/1.1" 404 11848
WARNING 2023-12-06 19:07:42,033 Thread-2 (process_request_thread) 13736 basehttp basehttp.py 212 django.server log_message 2340 "GET /media/images/81dFDRqDhIL._SL1418__MloRZNR.jpg HTTP/1.1" 404 12145
INFO 2023-12-06 19:07:57,522 Thread-2 (process_request_thread) 13736 basehttp basehttp.py 212 django.server log_message 2340 "POST /basket/add/ HTTP/1.1" 200 10
INFO 2023-12-06 19:08:00,367 Thread-2 (process_request_thread) 13736 basehttp basehttp.py 212 django.server log_message 2340 "GET /basket/ HTTP/1.1" 200 34143
WARNING 2023-12-06 19:08:00,622 Thread-2 (process_request_thread) 13736 basehttp basehttp.py 212 django.server log_message 2340 "GET /basket/image/worldmap.png HTTP/1.1" 404 12969
INFO 2023-12-06 19:08:05,103 Thread-2 (process_request_thread) 13736 basehttp basehttp.py 212 django.server log_message 2340 "POST /basket/update/ HTTP/1.1" 200 32
INFO 2023-12-06 19:08:05,215 Thread-2 (process_request_thread) 13736 basehttp basehttp.py 212 django.server log_message 2340 "GET /basket/ HTTP/1.1" 200 34142
WARNING 2023-12-06 19:08:05,352 Thread-2 (process_request_thread) 13736 basehttp basehttp.py 212 django.server log_message 2340 "GET /basket/image/worldmap.png HTTP/1.1" 404 12968
INFO 2023-12-06 19:08:26,300 Thread-2 (process_request_thread) 13736 basehttp basehttp.py 212 django.server log_message 2340 "GET /checkout/deliverychoices HTTP/1.1" 200 32997
WARNING 2023-12-06 19:08:26,430 Thread-2 (process_request_thread) 13736 basehttp basehttp.py 212 django.server log_message 2340 "GET /checkout/image/worldmap.png HTTP/1.1" 404 13158
INFO 2023-12-06 19:08:38,221 Thread-2 (process_request_thread) 13736 basehttp basehttp.py 212 django.server log_message 2340 "POST /checkout/basket_update_delivery/ HTTP/1.1" 200 46
INFO 2023-12-06 19:08:39,811 Thread-2 (process_request_thread) 13736 basehttp basehttp.py 212 django.server log_message 2340 "GET /checkout/set_delivery_address/ HTTP/1.1" 200 30781
WARNING 2023-12-06 19:08:40,053 Thread-2 (process_request_thread) 13736 basehttp basehttp.py 212 django.server log_message 2340 "GET /checkout/set_delivery_address/image/worldmap.png HTTP/1.1" 404 13222
INFO 2023-12-06 19:08:45,853 Thread-2 (process_request_thread) 13736 basehttp basehttp.py 212 django.server log_message 2340 "GET /account/addresses/set_default/f6bf8163-39c9-435a-a98a-95d0dfd21e7e/ HTTP/1.1" 302 0
INFO 2023-12-06 19:08:45,966 Thread-2 (process_request_thread) 13736 basehttp basehttp.py 212 django.server log_message 2340 "GET /checkout/delivery_address/ HTTP/1.1" 200 30598
WARNING 2023-12-06 19:08:46,099 Thread-2 (process_request_thread) 13736 basehttp basehttp.py 212 django.server log_message 2340 "GET /checkout/delivery_address/image/worldmap.png HTTP/1.1" 404 13209
INFO 2023-12-06 19:08:48,274 Thread-2 (process_request_thread) 13736 basehttp basehttp.py 212 django.server log_message 2340 "GET /checkout/payment_selection/ HTTP/1.1" 200 29769
INFO 2023-12-06 19:08:48,309 Thread-2 (process_request_thread) 13736 basehttp basehttp.py 212 django.server log_message 2340 "GET /static/payment/index.js HTTP/1.1" 304 0
WARNING 2023-12-06 19:08:48,415 Thread-2 (process_request_thread) 13736 basehttp basehttp.py 212 django.server log_message 2340 "GET /checkout/payment_selection/image/worldmap.png HTTP/1.1" 404 13212
INFO 2023-12-06 19:08:49,293 Thread-7 (process_request_thread) 6772 basehttp basehttp.py 212 django.server log_message 2340 "POST /checkout/payment_selection/webhook/ HTTP/1.1" 200 0
INFO 2023-12-06 19:08:59,937 Thread-2 (process_request_thread) 13736 basehttp basehttp.py 212 django.server log_message 2340 "POST /orders/add/ HTTP/1.1" 200 31
INFO 2023-12-06 19:09:01,427 Thread-7 (process_request_thread) 6772 basehttp basehttp.py 212 django.server log_message 2340 "POST /checkout/payment_selection/webhook/ HTTP/1.1" 200 0
INFO 2023-12-06 19:09:13,529 Thread-7 (process_request_thread) 6772 basehttp basehttp.py 212 django.server log_message 2340 "POST /checkout/payment_selection/webhook/ HTTP/1.1" 200 0
INFO 2023-12-06 19:09:13,725 Thread-2 (process_request_thread) 13736 basehttp basehttp.py 212 django.server log_message 2340 "GET /checkout/payment_successful/ HTTP/1.1" 200 25736
WARNING 2023-12-06 19:09:13,863 Thread-2 (process_request_thread) 13736 basehttp basehttp.py 212 django.server log_message 2340 "GET /checkout/payment_successful/image/worldmap.png HTTP/1.1" 404 13216
INFO 2023-12-06 19:09:13,922 Thread-7 (process_request_thread) 6772 basehttp basehttp.py 212 django.server log_message 2340 "POST /checkout/payment_selection/webhook/ HTTP/1.1" 200 0
INFO 2023-12-06 19:09:16,089 Thread-2 (process_request_thread) 13736 basehttp basehttp.py 212 django.server log_message 2340 "GET /account/orders/ HTTP/1.1" 200 92060
WARNING 2023-12-06 19:09:16,239 Thread-2 (process_request_thread) 13736 basehttp basehttp.py 212 django.server log_message 2340 "GET /account/orders/image/worldmap.png HTTP/1.1" 404 15937
INFO 2023-12-06 19:09:22,997 Thread-2 (process_request_thread) 13736 basehttp basehttp.py 212 django.server log_message 2340 "GET / HTTP/1.1" 200 66757
INFO 2023-12-06 19:09:23,162 Thread-5 (process_request_thread) 4588 basehttp basehttp.py 212 django.server log_message 2340 "GET /media/images/410LjJgnZmL._SY445_SX342_.jpg HTTP/1.1" 200 17919
INFO 2023-12-06 19:09:23,164 Thread-2 (process_request_thread) 13736 basehttp basehttp.py 212 django.server log_message 2340 "GET /media/images/718wCbSuE9L._SL1000_.jpg HTTP/1.1" 200 201082
INFO 2023-12-06 19:09:23,213 Thread-1 (process_request_thread) 2780 basehttp basehttp.py 212 django.server log_message 2340 "GET /media/images/51QkJxUiQQL._SY445_SX342_.jpg HTTP/1.1" 200 41930
INFO 2023-12-06 19:09:23,254 Thread-4 (process_request_thread) 7884 basehttp basehttp.py 212 django.server log_message 2340 "GET /media/images/5115jhMmGrL._SY445_SX342_.jpg HTTP/1.1" 200 26235
INFO 2023-12-06 19:09:23,272 Thread-6 (process_request_thread) 14580 basehttp basehttp.py 212 django.server log_message 2340 "GET /media/images/61aJc8wQX4L._SY466_.jpg HTTP/1.1" 200 27678
INFO 2023-12-06 19:09:23,274 Thread-3 (process_request_thread) 10040 basehttp basehttp.py 212 django.server log_message 2340 "GET /media/images/51OEnlv1DwL._SY445_SX342_.jpg HTTP/1.1" 200 45889
INFO 2023-12-06 19:09:23,308 Thread-5 (process_request_thread) 4588 basehttp basehttp.py 212 django.server log_message 2340 "GET /media/images/51hGgxDvJmL._SY445_SX342_.jpg HTTP/1.1" 200 40492
INFO 2023-12-06 19:09:23,330 Thread-2 (process_request_thread) 13736 basehttp basehttp.py 212 django.server log_message 2340 "GET /media/images/914tdFNeksL._SL1500_.jpg HTTP/1.1" 200 211723
INFO 2023-12-06 19:09:23,407 Thread-1 (process_request_thread) 2780 basehttp basehttp.py 212 django.server log_message 2340 "GET /media/images/41kRkqIt6aL._SY445_SX342_.jpg HTTP/1.1" 200 20652
INFO 2023-12-06 19:09:23,441 Thread-4 (process_request_thread) 7884 basehttp basehttp.py 212 django.server log_message 2340 "GET /media/images/41TyduBWCdL._SY445_SX342_.jpg HTTP/1.1" 200 21130
INFO 2023-12-06 19:09:23,453 Thread-6 (process_request_thread) 14580 basehttp basehttp.py 212 django.server log_message 2340 "GET /media/images/51gqBJQEPyL._SY445_SX342_.jpg HTTP/1.1" 200 39669
INFO 2023-12-06 19:09:23,493 Thread-3 (process_request_thread) 10040 basehttp basehttp.py 212 django.server log_message 2340 "GET /media/images/41cSJ20F6SL._SY445_SX342_.jpg HTTP/1.1" 200 19206
INFO 2023-12-06 19:09:23,501 Thread-5 (process_request_thread) 4588 basehttp basehttp.py 212 django.server log_message 2340 "GET /media/images/41xO7prBWEL._SY445_SX342_.jpg HTTP/1.1" 200 22324
INFO 2023-12-06 19:09:23,508 Thread-2 (process_request_thread) 13736 basehttp basehttp.py 212 django.server log_message 2340 "GET /media/images/41YMXMqcqtL._SY445_SX342_.jpg HTTP/1.1" 200 20210
INFO 2023-12-06 19:09:23,572 Thread-1 (process_request_thread) 2780 basehttp basehttp.py 212 django.server log_message 2340 "GET /media/images/pexels-photo-220453.webp HTTP/1.1" 200 29664
INFO 2023-12-06 19:09:23,643 Thread-4 (process_request_thread) 7884 basehttp basehttp.py 212 django.server log_message 2340 "GET /media/images/pexels-photo-2379004.jpeg HTTP/1.1" 200 20743
INFO 2023-12-06 19:09:23,643 Thread-6 (process_request_thread) 14580 basehttp basehttp.py 212 django.server log_message 2340 "GET /media/images/pexels-photo-5378700.webp HTTP/1.1" 200 30322
INFO 2023-12-06 19:09:23,696 Thread-2 (process_request_thread) 13736 basehttp basehttp.py 212 django.server log_message 2340 "GET /media/images/portrait-photography-profile-face-one-38289.jpeg HTTP/1.1" 200 33953
INFO 2023-12-06 19:09:23,699 Thread-5 (process_request_thread) 4588 basehttp basehttp.py 212 django.server log_message 2340 "GET /media/images/pexels-photo-1212984.webp HTTP/1.1" 200 26098
INFO 2023-12-06 19:09:23,751 Thread-1 (process_request_thread) 2780 basehttp basehttp.py 212 django.server log_message 2340 "GET /media/images/India_Air_Pollution_14005.jpg HTTP/1.1" 200 40194
INFO 2023-12-06 19:09:23,751 Thread-3 (process_request_thread) 10040 basehttp basehttp.py 212 django.server log_message 2340 "GET /media/images/pexels-photo-1102341.webp HTTP/1.1" 200 18220
INFO 2023-12-06 19:09:23,884 Thread-4 (process_request_thread) 7884 basehttp basehttp.py 212 django.server log_message 2340 "GET /media/images/intel-ai.webp HTTP/1.1" 200 19404
INFO 2023-12-06 19:09:23,885 Thread-6 (process_request_thread) 14580 basehttp basehttp.py 212 django.server log_message 2340 "GET /media/images/Sea-worm-20231125.jpg HTTP/1.1" 200 29486
INFO 2023-12-06 19:09:23,908 Thread-5 (process_request_thread) 4588 basehttp basehttp.py 212 django.server log_message 2340 "GET /media/images/Planets-in-sync-20231130.jpg HTTP/1.1" 200 78998
WARNING 2023-12-06 19:09:23,941 Thread-1 (process_request_thread) 2780 basehttp basehttp.py 212 django.server log_message 2340 "GET /image/worldmap.png HTTP/1.1" 404 11848
INFO 2023-12-06 19:09:23,942 Thread-2 (process_request_thread) 13736 basehttp basehttp.py 212 django.server log_message 2340 "GET /media/images/cRRqZguM2iX38GsQppG3q6-650-80.jpg.webp HTTP/1.1" 200 15706
INFO 2023-12-06 19:09:54,687 Thread-2 (process_request_thread) 13736 basehttp basehttp.py 212 django.server log_message 2340 "GET / HTTP/1.1" 200 66683
INFO 2023-12-06 19:10:00,624 Thread-2 (process_request_thread) 13736 basehttp basehttp.py 212 django.server log_message 2340 "GET / HTTP/1.1" 200 66683
INFO 2023-12-06 19:10:02,467 Thread-2 (process_request_thread) 13736 basehttp basehttp.py 212 django.server log_message 2340 "GET /product_page HTTP/1.1" 200 58553
INFO 2023-12-06 19:10:14,383 Thread-2 (process_request_thread) 13736 basehttp basehttp.py 212 django.server log_message 2340 "GET /same-as-ever-timeless-lessons-on-risk-opportunity-and-living-a-good-life HTTP/1.1" 200 96011
INFO 2023-12-06 19:10:14,524 Thread-1 (process_request_thread) 2780 basehttp basehttp.py 212 django.server log_message 2340 "GET /media/images/51xvgL3vcHL._SY445_SX342_.jpg HTTP/1.1" 200 32588
INFO 2023-12-06 19:10:14,545 Thread-2 (process_request_thread) 13736 basehttp basehttp.py 212 django.server log_message 2340 "GET /media/users/avatars/11/IMG20230814180950.jpg HTTP/1.1" 200 2490112
INFO 2023-12-06 19:10:16,361 Thread-2 (process_request_thread) 13736 basehttp basehttp.py 212 django.server log_message 2340 "GET / HTTP/1.1" 200 66683
INFO 2023-12-06 19:10:17,844 Thread-2 (process_request_thread) 13736 basehttp basehttp.py 212 django.server log_message 2340 "GET /product_page HTTP/1.1" 200 58553
INFO 2023-12-06 19:10:19,761 Thread-2 (process_request_thread) 13736 basehttp basehttp.py 212 django.server log_message 2340 "POST /product_page HTTP/1.1" 200 50
INFO 2023-12-06 19:10:20,334 Thread-2 (process_request_thread) 13736 basehttp basehttp.py 212 django.server log_message 2340 "POST /product_page HTTP/1.1" 200 5401
INFO 2023-12-06 19:10:21,091 Thread-2 (process_request_thread) 13736 basehttp basehttp.py 212 django.server log_message 2340 "POST /product_page HTTP/1.1" 200 1721
INFO 2023-12-06 19:10:22,608 Thread-2 (process_request_thread) 13736 basehttp basehttp.py 212 django.server log_message 2340 "POST /product_page HTTP/1.1" 200 5401
INFO 2023-12-06 19:10:25,882 Thread-2 (process_request_thread) 13736 basehttp basehttp.py 212 django.server log_message 2340 "POST /product_page HTTP/1.1" 200 1721
INFO 2023-12-06 19:10:26,979 Thread-2 (process_request_thread) 13736 basehttp basehttp.py 212 django.server log_message 2340 "POST /product_page HTTP/1.1" 200 5401
INFO 2023-12-06 19:10:28,484 Thread-2 (process_request_thread) 13736 basehttp basehttp.py 212 django.server log_message 2340 "POST /product_page HTTP/1.1" 200 1755
INFO 2023-12-06 19:10:28,579 Thread-1 (process_request_thread) 2780 basehttp basehttp.py 212 django.server log_message 2340 "GET /media/images/51TcWGvqLZL._SY445_SX342_.jpg HTTP/1.1" 200 28982
INFO 2023-12-06 19:10:28,603 Thread-5 (process_request_thread) 4588 basehttp basehttp.py 212 django.server log_message 2340 "GET /media/images/81Fyh2mrw4L._SY466_.jpg HTTP/1.1" 200 35434
INFO 2023-12-06 19:10:28,610 Thread-2 (process_request_thread) 13736 basehttp basehttp.py 212 django.server log_message 2340 "GET /media/images/51ugqge4LIL._SY445_SX342_.jpg HTTP/1.1" 200 31530
INFO 2023-12-06 19:10:28,617 Thread-6 (process_request_thread) 14580 basehttp basehttp.py 212 django.server log_message 2340 "GET /media/images/5177eLEsYL._SY445_SX342_.jpg HTTP/1.1" 200 32068
INFO 2023-12-06 19:10:33,111 Thread-6 (process_request_thread) 14580 basehttp basehttp.py 212 django.server log_message 2340 "POST /product_page HTTP/1.1" 200 5401
INFO 2023-12-06 19:10:53,326 Thread-6 (process_request_thread) 14580 basehttp basehttp.py 212 django.server log_message 2340 "GET /product_page HTTP/1.1" 200 58553
INFO 2023-12-06 19:10:56,706 Thread-6 (process_request_thread) 14580 basehttp basehttp.py 212 django.server log_message 2340 "GET / HTTP/1.1" 200 66683
